# JRE version: OpenJDK Runtime Environment Temurin-21.0.10+7 (21.0.10+7) (build 21.0.10+7-LTS)
# Java VM: OpenJDK 64-Bit Server VM Temurin-21.0.10+7 (21.0.10+7-LTS, mixed mode, sharing, tiered, compressed oops, compressed class ptrs, parallel gc, windows-amd64)
GC Precious Log:
 CardTable entry size: 512
 CPUs: 8 total, 8 available
 Memory: 12131M
 Large Page Support: Disabled
 NUMA Support: Disabled
 Compressed Oops: Enabled (32-bit)
 Alignments: Space 512K, Generation 512K, Heap 2M
 Heap Min Capacity: 100M
 Heap Initial Capacity: 100M
 Heap Max Capacity: 2G
 Pre-touch: Disabled
 Parallel Workers: 8
Heap:
 PSYoungGen      total 5632K, used 4099K [0x00000000d5580000, 0x00000000d6100000, 0x0000000100000000)
  eden space 5120K, 73% used [0x00000000d5580000,0x00000000d5930f78,0x00000000d5a80000)
  from space 512K, 62% used [0x00000000d6000000,0x00000000d6050020,0x00000000d6080000)
  to   space 512K, 0% used [0x00000000d6080000,0x00000000d6080000,0x00000000d6100000)
 ParOldGen       total 1193472K, used 1191708K [0x0000000080000000, 0x00000000c8d80000, 0x00000000d5580000)
  object space 1193472K, 99% used [0x0000000080000000,0x00000000c8bc7380,0x00000000c8d80000)
 Metaspace       used 92213K, committed 94080K, reserved 1179648K
  class space    used 9536K, committed 10368K, reserved 1048576K
GC Heap History (20 events):
Event: 4811.286 GC heap before
{Heap before GC invocations=2620 (full 5):
 PSYoungGen      total 5632K, used 5420K [0x00000000d5580000, 0x00000000d5f80000, 0x0000000100000000)
  eden space 3072K, 100% used [0x00000000d5580000,0x00000000d5880000,0x00000000d5880000)
  from space 2560K, 91% used [0x00000000d5880000,0x00000000d5acb360,0x00000000d5b00000)
  to   space 3072K, 0% used [0x00000000d5c80000,0x00000000d5c80000,0x00000000d5f80000)
 ParOldGen       total 1120768K, used 1120183K [0x0000000080000000, 0x00000000c4680000, 0x00000000d5580000)
  object space 1120768K, 99% used [0x0000000080000000,0x00000000c45edfa0,0x00000000c4680000)
 Metaspace       used 92136K, committed 94016K, reserved 1179648K
  class space    used 9534K, committed 10368K, reserved 1048576K
}
Event: 4811.294 GC heap after
{Heap after GC invocations=2620 (full 5):
 PSYoungGen      total 7168K, used 2528K [0x00000000d5580000, 0x00000000d5f80000, 0x0000000100000000)
  eden space 4096K, 0% used [0x00000000d5580000,0x00000000d5580000,0x00000000d5980000)
  from space 3072K, 82% used [0x00000000d5c80000,0x00000000d5ef8000,0x00000000d5f80000)
  to   space 3072K, 0% used [0x00000000d5980000,0x00000000d5980000,0x00000000d5c80000)
 ParOldGen       total 1122816K, used 1122444K [0x0000000080000000, 0x00000000c4880000, 0x00000000d5580000)
  object space 1122816K, 99% used [0x0000000080000000,0x00000000c4823300,0x00000000c4880000)
 Metaspace       used 92136K, committed 94016K, reserved 1179648K
  class space    used 9534K, committed 10368K, reserved 1048576K
}
Event: 4811.321 GC heap before
{Heap before GC invocations=2621 (full 5):
 PSYoungGen      total 7168K, used 6496K [0x00000000d5580000, 0x00000000d5f80000, 0x0000000100000000)
  eden space 4096K, 96% used [0x00000000d5580000,0x00000000d59603a8,0x00000000d5980000)
  from space 3072K, 82% used [0x00000000d5c80000,0x00000000d5ef8000,0x00000000d5f80000)
  to   space 3072K, 0% used [0x00000000d5980000,0x00000000d5980000,0x00000000d5c80000)
 ParOldGen       total 1122816K, used 1122444K [0x0000000080000000, 0x00000000c4880000, 0x00000000d5580000)
  object space 1122816K, 99% used [0x0000000080000000,0x00000000c4823300,0x00000000c4880000)
 Metaspace       used 92136K, committed 94016K, reserved 1179648K
  class space    used 9534K, committed 10368K, reserved 1048576K
}
Event: 4811.332 GC heap after
{Heap after GC invocations=2621 (full 5):
 PSYoungGen      total 7168K, used 3056K [0x00000000d5580000, 0x00000000d6880000, 0x0000000100000000)
  eden space 4096K, 0% used [0x00000000d5580000,0x00000000d5580000,0x00000000d5980000)
  from space 3072K, 99% used [0x00000000d5980000,0x00000000d5c7c000,0x00000000d5c80000)
  to   space 7168K, 0% used [0x00000000d6180000,0x00000000d6180000,0x00000000d6880000)
 ParOldGen       total 1125888K, used 1125508K [0x0000000080000000, 0x00000000c4b80000, 0x00000000d5580000)
  object space 1125888K, 99% used [0x0000000080000000,0x00000000c4b21300,0x00000000c4b80000)
 Metaspace       used 92136K, committed 94016K, reserved 1179648K
  class space    used 9534K, committed 10368K, reserved 1048576K
}
Event: 4811.868 GC heap before
{Heap before GC invocations=2622 (full 5):
 PSYoungGen      total 7168K, used 7152K [0x00000000d5580000, 0x00000000d6880000, 0x0000000100000000)
  eden space 4096K, 100% used [0x00000000d5580000,0x00000000d5980000,0x00000000d5980000)
  from space 3072K, 99% used [0x00000000d5980000,0x00000000d5c7c000,0x00000000d5c80000)
  to   space 7168K, 0% used [0x00000000d6180000,0x00000000d6180000,0x00000000d6880000)
 ParOldGen       total 1125888K, used 1125508K [0x0000000080000000, 0x00000000c4b80000, 0x00000000d5580000)
  object space 1125888K, 99% used [0x0000000080000000,0x00000000c4b21300,0x00000000c4b80000)
 Metaspace       used 92141K, committed 94016K, reserved 1179648K
  class space    used 9534K, committed 10368K, reserved 1048576K
}
Event: 4811.879 GC heap after
{Heap after GC invocations=2622 (full 5):
 PSYoungGen      total 7168K, used 2020K [0x00000000d5580000, 0x00000000d6380000, 0x0000000100000000)
  eden space 5120K, 0% used [0x00000000d5580000,0x00000000d5580000,0x00000000d5a80000)
  from space 2048K, 98% used [0x00000000d6180000,0x00000000d6379210,0x00000000d6380000)
  to   space 3584K, 0% used [0x00000000d5c80000,0x00000000d5c80000,0x00000000d6000000)
 ParOldGen       total 1128448K, used 1128276K [0x0000000080000000, 0x00000000c4e00000, 0x00000000d5580000)
  object space 1128448K, 99% used [0x0000000080000000,0x00000000c4dd5300,0x00000000c4e00000)
 Metaspace       used 92141K, committed 94016K, reserved 1179648K
  class space    used 9534K, committed 10368K, reserved 1048576K
}
Event: 4811.939 GC heap before
{Heap before GC invocations=2623 (full 5):
 PSYoungGen      total 7168K, used 7140K [0x00000000d5580000, 0x00000000d6380000, 0x0000000100000000)
  eden space 5120K, 100% used [0x00000000d5580000,0x00000000d5a80000,0x00000000d5a80000)
  from space 2048K, 98% used [0x00000000d6180000,0x00000000d6379210,0x00000000d6380000)
  to   space 3584K, 0% used [0x00000000d5c80000,0x00000000d5c80000,0x00000000d6000000)
 ParOldGen       total 1128448K, used 1128276K [0x0000000080000000, 0x00000000c4e00000, 0x00000000d5580000)
  object space 1128448K, 99% used [0x0000000080000000,0x00000000c4dd5300,0x00000000c4e00000)
 Metaspace       used 92142K, committed 94016K, reserved 1179648K
  class space    used 9534K, committed 10368K, reserved 1048576K
}
Event: 4811.948 GC heap after
{Heap after GC invocations=2623 (full 5):
 PSYoungGen      total 8704K, used 570K [0x00000000d5580000, 0x00000000d6200000, 0x0000000100000000)
  eden space 5120K, 0% used [0x00000000d5580000,0x00000000d5580000,0x00000000d5a80000)
  from space 3584K, 15% used [0x00000000d5c80000,0x00000000d5d0e900,0x00000000d6000000)
  to   space 1536K, 0% used [0x00000000d6080000,0x00000000d6080000,0x00000000d6200000)
 ParOldGen       total 1129984K, used 1129884K [0x0000000080000000, 0x00000000c4f80000, 0x00000000d5580000)
  object space 1129984K, 99% used [0x0000000080000000,0x00000000c4f67300,0x00000000c4f80000)
 Metaspace       used 92142K, committed 94016K, reserved 1179648K
  class space    used 9534K, committed 10368K, reserved 1048576K
}
Event: 4837.696 GC heap before
{Heap before GC invocations=2624 (full 5):
 PSYoungGen      total 8704K, used 5690K [0x00000000d5580000, 0x00000000d6200000, 0x0000000100000000)
  eden space 5120K, 100% used [0x00000000d5580000,0x00000000d5a80000,0x00000000d5a80000)
  from space 3584K, 15% used [0x00000000d5c80000,0x00000000d5d0e900,0x00000000d6000000)
  to   space 1536K, 0% used [0x00000000d6080000,0x00000000d6080000,0x00000000d6200000)
 ParOldGen       total 1129984K, used 1129884K [0x0000000080000000, 0x00000000c4f80000, 0x00000000d5580000)
  object space 1129984K, 99% used [0x0000000080000000,0x00000000c4f67300,0x00000000c4f80000)
 Metaspace       used 92150K, committed 94016K, reserved 1179648K
  class space    used 9534K, committed 10368K, reserved 1048576K
}
Event: 4837.700 GC heap after
{Heap after GC invocations=2624 (full 5):
 PSYoungGen      total 5632K, used 432K [0x00000000d5580000, 0x00000000d6100000, 0x0000000100000000)
  eden space 5120K, 0% used [0x00000000d5580000,0x00000000d5580000,0x00000000d5a80000)
  from space 512K, 84% used [0x00000000d6080000,0x00000000d60ec030,0x00000000d6100000)
  to   space 1024K, 0% used [0x00000000d5f00000,0x00000000d5f00000,0x00000000d6000000)
 ParOldGen       total 1129984K, used 1129908K [0x0000000080000000, 0x00000000c4f80000, 0x00000000d5580000)
  object space 1129984K, 99% used [0x0000000080000000,0x00000000c4f6d300,0x00000000c4f80000)
 Metaspace       used 92150K, committed 94016K, reserved 1179648K
  class space    used 9534K, committed 10368K, reserved 1048576K
}
Event: 4839.041 GC heap before
{Heap before GC invocations=2625 (full 5):
 PSYoungGen      total 5632K, used 5552K [0x00000000d5580000, 0x00000000d6100000, 0x0000000100000000)
  eden space 5120K, 100% used [0x00000000d5580000,0x00000000d5a80000,0x00000000d5a80000)
  from space 512K, 84% used [0x00000000d6080000,0x00000000d60ec030,0x00000000d6100000)
  to   space 1024K, 0% used [0x00000000d5f00000,0x00000000d5f00000,0x00000000d6000000)
 ParOldGen       total 1193472K, used 1191348K [0x0000000080000000, 0x00000000c8d80000, 0x00000000d5580000)
  object space 1193472K, 99% used [0x0000000080000000,0x00000000c8b6d360,0x00000000c8d80000)
 Metaspace       used 92168K, committed 94016K, reserved 1179648K
  class space    used 9535K, committed 10368K, reserved 1048576K
}
Event: 4839.049 GC heap after
{Heap after GC invocations=2625 (full 5):
 PSYoungGen      total 6144K, used 416K [0x00000000d5580000, 0x00000000d6100000, 0x0000000100000000)
  eden space 5120K, 0% used [0x00000000d5580000,0x00000000d5580000,0x00000000d5a80000)
  from space 1024K, 40% used [0x00000000d5f00000,0x00000000d5f68020,0x00000000d6000000)
  to   space 512K, 0% used [0x00000000d6080000,0x00000000d6080000,0x00000000d6100000)
 ParOldGen       total 1193472K, used 1191468K [0x0000000080000000, 0x00000000c8d80000, 0x00000000d5580000)
  object space 1193472K, 99% used [0x0000000080000000,0x00000000c8b8b380,0x00000000c8d80000)
 Metaspace       used 92168K, committed 94016K, reserved 1179648K
  class space    used 9535K, committed 10368K, reserved 1048576K
}
Event: 4965.895 GC heap before
{Heap before GC invocations=2626 (full 5):
 PSYoungGen      total 6144K, used 5535K [0x00000000d5580000, 0x00000000d6100000, 0x0000000100000000)
  eden space 5120K, 99% used [0x00000000d5580000,0x00000000d5a7ffd0,0x00000000d5a80000)
  from space 1024K, 40% used [0x00000000d5f00000,0x00000000d5f68020,0x00000000d6000000)
  to   space 512K, 0% used [0x00000000d6080000,0x00000000d6080000,0x00000000d6100000)
 ParOldGen       total 1193472K, used 1191468K [0x0000000080000000, 0x00000000c8d80000, 0x00000000d5580000)
  object space 1193472K, 99% used [0x0000000080000000,0x00000000c8b8b380,0x00000000c8d80000)
 Metaspace       used 92171K, committed 94016K, reserved 1179648K
  class space    used 9535K, committed 10368K, reserved 1048576K
}
Event: 4965.901 GC heap after
{Heap after GC invocations=2626 (full 5):
 PSYoungGen      total 5632K, used 160K [0x00000000d5580000, 0x00000000d6100000, 0x0000000100000000)
  eden space 5120K, 0% used [0x00000000d5580000,0x00000000d5580000,0x00000000d5a80000)
  from space 512K, 31% used [0x00000000d6080000,0x00000000d60a8000,0x00000000d6100000)
  to   space 512K, 0% used [0x00000000d6000000,0x00000000d6000000,0x00000000d6080000)
 ParOldGen       total 1193472K, used 1191548K [0x0000000080000000, 0x00000000c8d80000, 0x00000000d5580000)
  object space 1193472K, 99% used [0x0000000080000000,0x00000000c8b9f380,0x00000000c8d80000)
 Metaspace       used 92171K, committed 94016K, reserved 1179648K
  class space    used 9535K, committed 10368K, reserved 1048576K
}
Event: 4966.415 GC heap before
{Heap before GC invocations=2627 (full 5):
 PSYoungGen      total 5632K, used 5280K [0x00000000d5580000, 0x00000000d6100000, 0x0000000100000000)
  eden space 5120K, 100% used [0x00000000d5580000,0x00000000d5a80000,0x00000000d5a80000)
  from space 512K, 31% used [0x00000000d6080000,0x00000000d60a8000,0x00000000d6100000)
  to   space 512K, 0% used [0x00000000d6000000,0x00000000d6000000,0x00000000d6080000)
 ParOldGen       total 1193472K, used 1191548K [0x0000000080000000, 0x00000000c8d80000, 0x00000000d5580000)
  object space 1193472K, 99% used [0x0000000080000000,0x00000000c8b9f380,0x00000000c8d80000)
 Metaspace       used 92177K, committed 94016K, reserved 1179648K
  class space    used 9535K, committed 10368K, reserved 1048576K
}
Event: 4966.420 GC heap after
{Heap after GC invocations=2627 (full 5):
 PSYoungGen      total 5632K, used 224K [0x00000000d5580000, 0x00000000d6100000, 0x0000000100000000)
  eden space 5120K, 0% used [0x00000000d5580000,0x00000000d5580000,0x00000000d5a80000)
  from space 512K, 43% used [0x00000000d6000000,0x00000000d6038000,0x00000000d6080000)
  to   space 512K, 0% used [0x00000000d6080000,0x00000000d6080000,0x00000000d6100000)
 ParOldGen       total 1193472K, used 1191612K [0x0000000080000000, 0x00000000c8d80000, 0x00000000d5580000)
  object space 1193472K, 99% used [0x0000000080000000,0x00000000c8baf380,0x00000000c8d80000)
 Metaspace       used 92177K, committed 94016K, reserved 1179648K
  class space    used 9535K, committed 10368K, reserved 1048576K
}
Event: 4973.789 GC heap before
{Heap before GC invocations=2628 (full 5):
 PSYoungGen      total 5632K, used 5344K [0x00000000d5580000, 0x00000000d6100000, 0x0000000100000000)
  eden space 5120K, 100% used [0x00000000d5580000,0x00000000d5a80000,0x00000000d5a80000)
  from space 512K, 43% used [0x00000000d6000000,0x00000000d6038000,0x00000000d6080000)
  to   space 512K, 0% used [0x00000000d6080000,0x00000000d6080000,0x00000000d6100000)
 ParOldGen       total 1193472K, used 1191612K [0x0000000080000000, 0x00000000c8d80000, 0x00000000d5580000)
  object space 1193472K, 99% used [0x0000000080000000,0x00000000c8baf380,0x00000000c8d80000)
 Metaspace       used 92183K, committed 94016K, reserved 1179648K
  class space    used 9535K, committed 10368K, reserved 1048576K
}
Event: 4973.792 GC heap after
{Heap after GC invocations=2628 (full 5):
 PSYoungGen      total 5632K, used 256K [0x00000000d5580000, 0x00000000d6100000, 0x0000000100000000)
  eden space 5120K, 0% used [0x00000000d5580000,0x00000000d5580000,0x00000000d5a80000)
  from space 512K, 50% used [0x00000000d6080000,0x00000000d60c0000,0x00000000d6100000)
  to   space 512K, 0% used [0x00000000d6000000,0x00000000d6000000,0x00000000d6080000)
 ParOldGen       total 1193472K, used 1191660K [0x0000000080000000, 0x00000000c8d80000, 0x00000000d5580000)
  object space 1193472K, 99% used [0x0000000080000000,0x00000000c8bbb380,0x00000000c8d80000)
 Metaspace       used 92183K, committed 94016K, reserved 1179648K
  class space    used 9535K, committed 10368K, reserved 1048576K
}
Event: 4974.084 GC heap before
{Heap before GC invocations=2629 (full 5):
 PSYoungGen      total 5632K, used 5376K [0x00000000d5580000, 0x00000000d6100000, 0x0000000100000000)
  eden space 5120K, 100% used [0x00000000d5580000,0x00000000d5a80000,0x00000000d5a80000)
  from space 512K, 50% used [0x00000000d6080000,0x00000000d60c0000,0x00000000d6100000)
  to   space 512K, 0% used [0x00000000d6000000,0x00000000d6000000,0x00000000d6080000)
 ParOldGen       total 1193472K, used 1191660K [0x0000000080000000, 0x00000000c8d80000, 0x00000000d5580000)
  object space 1193472K, 99% used [0x0000000080000000,0x00000000c8bbb380,0x00000000c8d80000)
 Metaspace       used 92190K, committed 94016K, reserved 1179648K
  class space    used 9536K, committed 10368K, reserved 1048576K
}
Event: 4974.090 GC heap after
{Heap after GC invocations=2629 (full 5):
 PSYoungGen      total 5632K, used 320K [0x00000000d5580000, 0x00000000d6100000, 0x0000000100000000)
  eden space 5120K, 0% used [0x00000000d5580000,0x00000000d5580000,0x00000000d5a80000)
  from space 512K, 62% used [0x00000000d6000000,0x00000000d6050020,0x00000000d6080000)
  to   space 512K, 0% used [0x00000000d6080000,0x00000000d6080000,0x00000000d6100000)
 ParOldGen       total 1193472K, used 1191708K [0x0000000080000000, 0x00000000c8d80000, 0x00000000d5580000)
  object space 1193472K, 99% used [0x0000000080000000,0x00000000c8bc7380,0x00000000c8d80000)
 Metaspace       used 92190K, committed 94016K, reserved 1179648K
  class space    used 9536K, committed 10368K, reserved 1048576K
}

